\BOOKMARK [1][-]{section*.1}{\376\377\000F\000u\000n\000c\000t\000i\000o\000n}{}% 1
\BOOKMARK [2][-]{section*.2}{\376\377\000I\000n\000t\000r\000o\000d\000u\000c\000t\000i\000o\000n}{section*.1}% 2
\BOOKMARK [2][-]{section*.2}{\376\377\000D\000o\000m\000a\000i\000n\000\040\000a\000n\000d\000\040\000R\000a\000n\000g\000e}{section*.1}% 3
\BOOKMARK [2][-]{section*.2}{\376\377\000T\000y\000p\000e\000s\000\040\000o\000f\000\040\000F\000u\000n\000c\000t\000i\000o\000n\000s}{section*.1}% 4
\BOOKMARK [3][-]{section*.3}{\376\377\000A\000l\000g\000e\000b\000r\000a\000i\000c\000\040\000F\000u\000n\000c\000t\000i\000o\000n\000s}{section*.2}% 5
\BOOKMARK [3][-]{Item.4}{\376\377\000T\000r\000a\000n\000s\000c\000e\000n\000d\000e\000n\000t\000a\000l\000\040\000F\000u\000n\000c\000t\000i\000o\000n\000s}{section*.2}% 6
\BOOKMARK [3][-]{Item.11}{\376\377\000S\000p\000e\000c\000i\000a\000l\000\040\000F\000u\000n\000c\000t\000i\000o\000n\000s}{section*.2}% 7
\BOOKMARK [2][-]{Item.15}{\376\377\000T\000h\000e\000\040\000N\000u\000m\000b\000e\000r\000\040\000\040\000e\000\040}{section*.1}% 8
\BOOKMARK [2][-]{Item.15}{\376\377\000L\000o\000g\000a\000r\000i\000t\000h\000m\000i\000c\000\040\000F\000u\000n\000c\000t\000i\000o\000n\000s}{section*.1}% 9
\BOOKMARK [3][-]{section*.4}{\376\377\000P\000r\000o\000p\000e\000r\000t\000i\000e\000s\000\040\000o\000f\000\040\000L\000o\000g\000a\000r\000i\000t\000h\000m\000s}{Item.15}% 10
\BOOKMARK [2][-]{Item.36}{\376\377\000M\000o\000d\000u\000l\000u\000s\000\040\000F\000u\000n\000c\000t\000i\000o\000n}{section*.1}% 11
\BOOKMARK [3][-]{section*.33}{\376\377\000G\000r\000a\000p\000h\000\040\000T\000r\000a\000n\000s\000f\000o\000r\000m\000a\000t\000i\000o\000n\000:\000\040\000M\000o\000d\000u\000l\000u\000s}{Item.36}% 12
\BOOKMARK [3][-]{Item.40}{\376\377\000I\000l\000l\000u\000s\000t\000r\000a\000t\000i\000o\000n\000s\000:\000\040\000M\000o\000d\000u\000l\000u\000s}{Item.36}% 13
\BOOKMARK [1][-]{Item.43}{\376\377\000L\000i\000m\000i\000t\000s}{}% 14
\BOOKMARK [1][-]{Item.51}{\376\377\000D\000i\000f\000f\000e\000r\000e\000n\000t\000i\000a\000t\000i\000o\000n}{}% 15
\BOOKMARK [2][-]{section*.34}{\376\377\000D\000i\000f\000f\000e\000r\000e\000n\000t\000i\000a\000l\000\040\000C\000o\000e\000f\000f\000i\000c\000i\000e\000n\000t}{Item.51}% 16
\BOOKMARK [2][-]{Item.66}{\376\377\000S\000o\000m\000e\000\040\000R\000u\000l\000e\000s\000\040\000o\000f\000\040\000D\000i\000f\000f\000e\000r\000e\000n\000t\000i\000a\000t\000i\000o\000n}{Item.51}% 17
\BOOKMARK [2][-]{Item.68}{\376\377\000I\000l\000l\000u\000s\000t\000r\000a\000t\000i\000o\000n\000s\000:\000\040\000D\000e\000r\000i\000v\000a\000t\000i\000v\000e\000s}{Item.51}% 18
\BOOKMARK [2][-]{Item.77}{\376\377\000A\000p\000p\000l\000i\000c\000a\000t\000i\000o\000n\000s\000\040\000o\000f\000\040\000D\000e\000r\000i\000v\000a\000t\000i\000v\000e\000s}{Item.51}% 19
\BOOKMARK [3][-]{section*.42}{\376\377\000G\000e\000o\000m\000e\000t\000r\000i\000c\000a\000l\000\040\000I\000n\000t\000e\000r\000p\000r\000e\000t\000a\000t\000i\000o\000n\000\040\000o\000f\000\040\000D\000e\000r\000i\000v\000a\000t\000i\000v\000e}{Item.77}% 20
\BOOKMARK [3][-]{section*.42}{\376\377\000R\000a\000t\000e\000\040\000o\000f\000\040\000C\000h\000a\000n\000g\000e}{Item.77}% 21
\BOOKMARK [3][-]{section*.42}{\376\377\000I\000n\000c\000r\000e\000a\000s\000i\000n\000g\000\040\000a\000n\000d\000\040\000D\000e\000c\000r\000e\000a\000s\000i\000n\000g\000\040\000F\000u\000n\000c\000t\000i\000o\000n\000s}{Item.77}% 22
\BOOKMARK [3][-]{section*.42}{\376\377\000I\000l\000l\000u\000s\000t\000r\000a\000t\000i\000o\000n\000s\000:\000\040\000A\000p\000p\000l\000i\000c\000a\000t\000i\000o\000n\000s\000\040\000o\000f\000\040\000D\000e\000r\000i\000v\000a\000t\000i\000v\000e\000s}{Item.77}% 23
\BOOKMARK [1][-]{Item.81}{\376\377\000I\000n\000t\000e\000g\000r\000a\000t\000i\000o\000n}{}% 24
\BOOKMARK [2][-]{AMS.45}{\376\377\000F\000u\000n\000d\000a\000m\000e\000n\000t\000a\000l\000\040\000t\000h\000e\000o\000r\000e\000m\000\040\000o\000f\000\040\000c\000a\000l\000c\000u\000l\000u\000s}{Item.81}% 25
\BOOKMARK [2][-]{Item.95}{\376\377\000T\000e\000c\000h\000n\000i\000q\000u\000e\000s\000\040\000o\000f\000\040\000I\000n\000t\000e\000g\000r\000a\000t\000i\000o\000n}{Item.81}% 26
\BOOKMARK [3][-]{section*.46}{\376\377\000S\000u\000b\000s\000t\000i\000t\000u\000t\000i\000o\000n\000\040\000M\000e\000t\000h\000o\000d}{Item.95}% 27
\BOOKMARK [3][-]{Item.99}{\376\377\000I\000n\000t\000e\000g\000r\000a\000t\000i\000o\000n\000\040\000b\000y\000\040\000P\000a\000r\000t\000s}{Item.95}% 28
\BOOKMARK [2][-]{Item.100}{\376\377\000I\000l\000l\000u\000s\000t\000r\000a\000t\000i\000o\000n\000s\000:\000\040\000I\000n\000t\000e\000g\000r\000a\000t\000i\000o\000n}{Item.81}% 29
\BOOKMARK [2][-]{AMS.50}{\376\377\000A\000p\000p\000l\000i\000c\000a\000t\000i\000o\000n\000s\000\040\000o\000f\000\040\000I\000n\000t\000e\000g\000r\000a\000t\000i\000o\000n}{Item.81}% 30
\BOOKMARK [3][-]{section*.51}{\376\377\000A\000r\000e\000a\000\040\000u\000n\000d\000e\000r\000\040\000t\000h\000e\000\040\000c\000u\000r\000v\000e}{AMS.50}% 31
\BOOKMARK [3][-]{section*.51}{\376\377\000I\000l\000l\000u\000s\000t\000r\000a\000t\000i\000o\000n\000s\000:\000\040\000A\000p\000p\000l\000i\000c\000a\000t\000i\000o\000n\000s\000\040\000o\000f\000\040\000I\000n\000t\000e\000g\000r\000a\000t\000i\000o\000n}{AMS.50}% 32
\BOOKMARK [1][-]{Item.118}{}{}% 33
