0 1 0
0.0998334 0.995004 0.1
0.198669 0.980067 0.2
0.29552 0.955336 0.3
0.389418 0.921061 0.4
0.479426 0.877583 0.5
0.564642 0.825336 0.6
0.644218 0.764842 0.7
0.717356 0.696707 0.8
0.783327 0.62161 0.9
0.841471 0.540302 1
0.891207 0.453596 1.1
0.932039 0.362358 1.2
0.963558 0.267499 1.3
0.98545 0.169967 1.4
0.997495 0.0707372 1.5
0.999574 -0.0291995 1.6
0.991665 -0.128844 1.7
0.973848 -0.227202 1.8
0.9463 -0.32329 1.9
0.909297 -0.416147 2
0.863209 -0.504846 2.1
0.808496 -0.588501 2.2
0.745705 -0.666276 2.3
0.675463 -0.737394 2.4
0.598472 -0.801144 2.5
0.515501 -0.856889 2.6
0.42738 -0.904072 2.7
0.334988 -0.942222 2.8
0.239249 -0.970958 2.9
0.14112 -0.989992 3
0.0415807 -0.999135 3.1
-0.0583741 -0.998295 3.2
-0.157746 -0.98748 3.3
-0.255541 -0.966798 3.4
-0.350783 -0.936457 3.5
-0.44252 -0.896758 3.6
-0.529836 -0.8481 3.7
-0.611858 -0.790968 3.8
-0.687766 -0.725932 3.9
-0.756802 -0.653644 4
-0.818277 -0.574824 4.1
-0.871576 -0.490261 4.2
-0.916166 -0.400799 4.3
-0.951602 -0.307333 4.4
-0.97753 -0.210796 4.5
-0.993691 -0.112153 4.6
-0.999923 -0.0123887 4.7
-0.996165 0.087499 4.8
-0.982453 0.186512 4.9
-0.958924 0.283662 5
-0.925815 0.377978 5.1
-0.883455 0.468517 5.2
-0.832267 0.554374 5.3
-0.772764 0.634693 5.4
-0.70554 0.70867 5.5
-0.631267 0.775566 5.6
-0.550686 0.834713 5.7
-0.464602 0.88552 5.8
-0.373877 0.927478 5.9
-0.279415 0.96017 6
-0.182163 0.983268 6.1
-0.0830894 0.996542 6.2
0.0168139 0.999859 6.3
0.116549 0.993185 6.4
0.21512 0.976588 6.5
0.311541 0.950233 6.6
0.40485 0.914383 6.7
0.494113 0.869397 6.8
0.57844 0.815725 6.9
0.656987 0.753902 7
0.728969 0.684547 7.1
0.793668 0.608351 7.2
0.850437 0.526078 7.3
0.898708 0.438547 7.4
0.938 0.346635 7.5
0.96792 0.25126 7.6
0.988168 0.153374 7.7
0.998543 0.0539554 7.8
0.998941 -0.0460021 7.9
0.989358 -0.1455 8
0.96989 -0.243544 8.1
0.940731 -0.339155 8.2
0.902172 -0.431377 8.3
0.854599 -0.519289 8.4
0.798487 -0.602012 8.5
0.734397 -0.67872 8.6
0.662969 -0.748647 8.7
0.584917 -0.811093 8.8
0.501021 -0.865435 8.9
0.412118 -0.91113 9
0.319098 -0.947722 9.1
0.22289 -0.974844 9.2
0.124454 -0.992225 9.3
0.0247754 -0.999693 9.4
-0.0751511 -0.997172 9.5
-0.174327 -0.984688 9.6
-0.271761 -0.962365 9.7
-0.366479 -0.930426 9.8
-0.457536 -0.889191 9.9
-0.544021 -0.839072 10
-0.625071 -0.780568 10.1
-0.699875 -0.714266 10.2
-0.767686 -0.640826 10.3
-0.827826 -0.560984 10.4
-0.879696 -0.475537 10.5
-0.922775 -0.385338 10.6
-0.956635 -0.291289 10.7
-0.980936 -0.19433 10.8
-0.995436 -0.0954289 10.9
-0.99999 0.0044257 11
-0.994553 0.104236 11.1
-0.979178 0.203005 11.2
-0.954019 0.299745 11.3
-0.919329 0.393491 11.4
-0.875452 0.483305 11.5
-0.822829 0.56829 11.6
-0.761984 0.647596 11.7
-0.693525 0.720432 11.8
-0.618137 0.78607 11.9
-0.536573 0.843854 12
-0.449647 0.893206 12.1
-0.358229 0.933634 12.2
-0.263232 0.964733 12.3
-0.165604 0.986192 12.4
-0.0663219 0.997798 12.5
0.033623 0.999435 12.6
0.133232 0.991085 12.7
0.23151 0.972833 12.8
0.327474 0.94486 12.9
0.420167 0.907447 13
0.508661 0.860967 13.1
0.592074 0.805884 13.2
0.66957 0.742749 13.3
0.740376 0.672193 13.4
0.803784 0.594921 13.5
0.859162 0.511704 13.6
0.905955 0.423375 13.7
0.943696 0.330815 13.8
0.972008 0.23495 13.9
0.990607 0.136737 14
0.999309 0.0371584 14.1
0.998027 -0.0627917 14.2
0.986772 -0.162114 14.3
0.965658 -0.259817 14.4
0.934895 -0.354924 14.5
0.894791 -0.446485 14.6
0.845747 -0.533584 14.7
0.788252 -0.615352 14.8
0.722881 -0.690972 14.9
0.650288 -0.759688 15
0.571197 -0.820813 15.1
0.486399 -0.873737 15.2
0.396741 -0.917931 15.3
0.303118 -0.952953 15.4
0.206467 -0.978453 15.5
0.107754 -0.994178 15.6
0.00796318 -0.999968 15.7
-0.0919069 -0.995768 15.8
-0.190859 -0.981618 15.9
-0.287903 -0.957659 16
-0.382071 -0.924133 16.1
-0.472422 -0.881372 16.2
-0.558052 -0.829806 16.3
-0.638107 -0.769948 16.4
-0.711785 -0.702397 16.5
-0.778352 -0.627828 16.6
-0.837142 -0.546986 16.7
-0.887567 -0.460679 16.8
-0.929124 -0.369768 16.9
-0.961397 -0.275163 17
-0.984065 -0.177809 17.1
-0.9969 -0.0786782 17.2
-0.999774 0.0212388 17.3
-0.992659 0.120944 17.4
-0.975626 0.21944 17.5
-0.948844 0.315744 17.6
-0.912582 0.408893 17.7
-0.867202 0.497956 17.8
-0.813157 0.582044 17.9
-0.750987 0.660317 18
-0.681314 0.731991 18.1
-0.604833 0.796352 18.2
-0.522309 0.852757 18.3
-0.434566 0.90064 18.4
-0.342481 0.939525 18.5
-0.246974 0.969022 18.6
-0.148999 0.988837 18.7
-0.0495356 0.998772 18.8
0.0504227 0.998728 18.9
0.149877 0.988705 19
0.247834 0.968802 19.1
0.343315 0.93922 19.2
0.435365 0.900254 19.3
0.523066 0.852292 19.4
0.60554 0.795815 19.5
0.681964 0.731386 19.6
0.751573 0.659649 19.7
0.813674 0.581322 19.8
0.867644 0.497186 19.9
0.912945 0.408082 20
0.949125 0.314901 20.1
0.975821 0.218573 20.2
0.992766 0.120062 20.3
0.999793 0.0203508 20.4
0.99683 -0.0795636 20.5
0.983907 -0.178683 20.6
0.961153 -0.276017 20.7
0.928795 -0.370593 20.8
0.887158 -0.461467 20.9
0.836656 -0.547729 21
0.777794 -0.628519 21.1
0.711161 -0.703029 21.2
0.637423 -0.770514 21.3
0.557315 -0.830301 21.4
0.471639 -0.881792 21.5
0.38125 -0.924472 21.6
0.287053 -0.957915 21.7
0.189987 -0.981787 21.8
0.0910224 -0.995849 21.9
-0.00885131 -0.999961 22
-0.108637 -0.994082 22.1
-0.207336 -0.97827 22.2
-0.303965 -0.952683 22.3
-0.397556 -0.917578 22.4
-0.487175 -0.873305 22.5
-0.571926 -0.820305 22.6
-0.650962 -0.75911 22.7
-0.723495 -0.69033 22.8
-0.788798 -0.614652 22.9
-0.84622 -0.532833 23
-0.895187 -0.44569 23.1
-0.93521 -0.354094 23.2
-0.965888 -0.25896 23.3
-0.986916 -0.161238 23.4
-0.998082 -0.0619053 23.5
-0.999276 0.0380459 23.6
-0.990486 0.137617 23.7
-0.971798 0.235813 23.8
-0.943401 0.331653 23.9
-0.905578 0.424179 24
-0.858707 0.512467 24.1
-0.803256 0.595634 24.2
-0.739779 0.67285 24.3
-0.66891 0.743344 24.4
-0.591358 0.806409 24.5
-0.507897 0.861418 24.6
-0.419361 0.90782 24.7
-0.326635 0.945151 24.8
-0.230646 0.973038 24.9
-0.132352 0.991203 25
-0.0327354 0.999464 25.1
0.0672081 0.997739 25.2
0.16648 0.986045 25.3
0.264089 0.964498 25.4
0.359058 0.933315 25.5
0.450441 0.892806 25.6
0.537322 0.843377 25.7
0.618835 0.785521 25.8
0.694165 0.719816 25.9
0.762558 0.646919 26
0.823333 0.567559 26.1
0.875881 0.482527 26.2
0.919678 0.392674 26.3
0.954285 0.298898 26.4
0.979358 0.202135 26.5
0.994645 0.103353 26.6
0.999994 0.00353755 26.7
0.995351 -0.0963129 26.8
0.980763 -0.195201 26.9
0.956376 -0.292139 27
0.922433 -0.386158 27.1
0.879273 -0.476318 27.2
0.827328 -0.561719 27.3
0.767116 -0.641508 27.4
0.69924 -0.714887 27.5
0.624377 -0.781123 27.6
0.543276 -0.839554 27.7
0.456746 -0.889597 27.8
0.365653 -0.930751 27.9
0.270906 -0.962606 28
0.173452 -0.984842 28.1
0.0742654 -0.997239 28.2
-0.0256633 -0.999671 28.3
-0.125336 -0.992114 28.4
-0.223756 -0.974645 28.5
-0.31994 -0.947438 28.6
-0.412928 -0.910764 28.7
-0.501789 -0.86499 28.8
-0.585637 -0.810573 28.9
-0.663634 -0.748058 29
-0.735 -0.678068 29.1
-0.799021 -0.601302 29.2
-0.85506 -0.518529 29.3
-0.902555 -0.430575 29.4
-0.941031 -0.338319 29.5
-0.970106 -0.242683 29.6
-0.989487 -0.144621 29.7
-0.998982 -0.0451149 29.8
-0.998495 0.0548423 29.9
-0.988032 0.154251 30
-0.967696 0.252119 30.1
-0.937692 0.347468 30.2
-0.898318 0.439345 30.3
-0.849969 0.526833 30.4
-0.793127 0.609056 30.5
-0.728361 0.685194 30.6
-0.656317 0.754485 30.7
-0.577715 0.816239 30.8
-0.493341 0.869836 30.9
-0.404038 0.914742 31
-0.310697 0.950509 31.1
-0.214253 0.976778 31.2
-0.115667 0.993288 31.3
-0.0159259 0.999873 31.4
0.0839745 0.996468 31.5
0.183036 0.983106 31.6
0.280268 0.959922 31.7
0.3747 0.927146 31.8
0.465388 0.885107 31.9
0.551427 0.834223 32
0.631955 0.775005 32.1
0.706169 0.708043 32.2
0.773328 0.634006 32.3
0.832759 0.553635 32.4
0.88387 0.467732 32.5
0.92615 0.377155 32.6
0.959176 0.28281 32.7
0.982618 0.18564 32.8
0.996242 0.0866142 32.9
0.999912 -0.0132767 33
0.993591 -0.113035 33.1
0.977343 -0.211664 33.2
0.951329 -0.308178 33.3
0.91581 -0.401613 33.4
0.87114 -0.491035 33.5
0.817766 -0.57555 33.6
0.756222 -0.654316 33.7
0.687121 -0.726543 33.8
0.611155 -0.791511 33.9
0.529083 -0.84857 34
0.441724 -0.897151 34.1
0.349951 -0.936768 34.2
0.254682 -0.967025 34.3
0.156869 -0.987619 34.4
0.0574875 -0.998346 34.5
-0.042468 -0.999098 34.6
-0.141999 -0.989867 34.7
-0.240112 -0.970745 34.8
-0.335825 -0.941924 34.9
-0.428183 -0.903692 35
-0.516262 -0.856431 35.1
-0.599183 -0.800612 35.2
-0.676118 -0.736794 35.3
-0.746297 -0.665613 35.4
-0.809019 -0.587783 35.5
-0.863657 -0.504079 35.6
-0.909667 -0.415339 35.7
-0.946587 -0.322449 35.8
-0.974049 -0.226337 35.9
-0.991779 -0.127964 36
-0.999599 -0.0283117 36.1
-0.997432 0.0716231 36.2
-0.985298 0.170842 36.3
-0.96332 0.268355 36.4
-0.931717 0.363185 36.5
-0.890804 0.454387 36.6
-0.840991 0.541049 36.7
-0.782775 0.622305 36.8
-0.716737 0.697344 36.9
-0.643538 0.765414 37
-0.563909 0.825837 37.1
-0.478646 0.878008 37.2
-0.3886 0.921406 37.3
-0.294672 0.955599 37.4
-0.197799 0.980243 37.5
-0.0989497 0.995092 37.6
