0 0
0.1 0.0998334
0.2 0.198669
0.3 0.29552
0.4 0.389418
0.5 0.479426
0.6 0.564642
0.7 0.644218
0.8 0.717356
0.9 0.783327
1 0.841471
1.1 0.891207
1.2 0.932039
1.3 0.963558
1.4 0.98545
1.5 0.997495
1.6 0.999574
1.7 0.991665
1.8 0.973848
1.9 0.9463
2 0.909297
2.1 0.863209
2.2 0.808496
2.3 0.745705
2.4 0.675463
2.5 0.598472
2.6 0.515501
2.7 0.42738
2.8 0.334988
2.9 0.239249
3 0.14112
3.1 0.0415807
3.2 -0.0583741
3.3 -0.157746
3.4 -0.255541
3.5 -0.350783
3.6 -0.44252
3.7 -0.529836
3.8 -0.611858
3.9 -0.687766
4 -0.756802
4.1 -0.818277
4.2 -0.871576
4.3 -0.916166
4.4 -0.951602
4.5 -0.97753
4.6 -0.993691
4.7 -0.999923
4.8 -0.996165
4.9 -0.982453
5 -0.958924
5.1 -0.925815
5.2 -0.883455
5.3 -0.832267
5.4 -0.772764
5.5 -0.70554
5.6 -0.631267
5.7 -0.550686
5.8 -0.464602
5.9 -0.373877
6 -0.279415
6.1 -0.182163
6.2 -0.0830894
